{"numTotalTestSuites":2,"numPassedTestSuites":2,"numFailedTestSuites":0,"numPendingTestSuites":0,"numTotalTests":1,"numPassedTests":1,"numFailedTests":0,"numPendingTests":0,"numTodoTests":0,"startTime":1721737679988,"success":true,"testResults":[{"assertionResults":[{"ancestorTitles":["","Create Button"],"fullName":" Create Button should mount component","status":"passed","title":"should mount component","duration":8,"failureMessages":[]}],"startTime":1721737681805,"endTime":1721737681813,"status":"passed","message":"","name":"/Users/meidikawardanakristi/bls/sps/DummyForTeamCity/src/components/Buttons/__tests__/CreateButton.vitest.test.js"}]}